[2025-04-02 18:20:29,154] [INFO] [Thread-1 (run_monitor_task)] [/home/navaneethamarnath/projects/agents-research/annie-core-backend/app/core/config/logging_config.py] [_log:112] [N/A]: Starting websocket monitoring thread
[2025-04-02 18:20:29,161] [INFO] [Thread-2 (start)] [/home/navaneethamarnath/projects/agents-research/annie-core-backend/app/core/config/logging_config.py] [_log:112] [N/A]: Starting to consume from mortgage-qc-process
[2025-04-02 18:20:54,692] [INFO] [MainThread] [/home/navaneethamarnath/projects/agents-research/annie-core-backend/app/core/config/logging_config.py] [_log:112] [N/A]: Received request to generate income results via process
[2025-04-02 18:21:11,309] [INFO] [MainThread] [/home/navaneethamarnath/projects/agents-research/annie-core-backend/app/core/config/logging_config.py] [_log:112] [N/A]: Received request to generate income results via process 56808164-110d-4145-a758-72c628a7de3e
[2025-04-02 18:21:11,710] [INFO] [ThreadPoolExecutor-0_0] [/home/navaneethamarnath/projects/agents-research/annie-core-backend/app/core/config/logging_config.py] [_log:112] [N/A]: Executing Task node: extract_dates_and_compute_year
[2025-04-02 18:21:11,711] [INFO] [ThreadPoolExecutor-0_0] [/home/navaneethamarnath/projects/agents-research/annie-core-backend/app/core/config/logging_config.py] [_log:112] [N/A]: ## CODE LOG ## Starting to extract year from application_date: 04/24/2023
[2025-04-02 18:21:11,713] [INFO] [ThreadPoolExecutor-0_0] [/home/navaneethamarnath/projects/agents-research/annie-core-backend/app/core/config/logging_config.py] [_log:112] [N/A]: ## CODE LOG ## Successfully parsed date: 2023-04-24 00:00:00 to year: 2023
[2025-04-02 18:21:11,811] [INFO] [ThreadPoolExecutor-0_0] [/home/navaneethamarnath/projects/agents-research/annie-core-backend/app/core/config/logging_config.py] [_log:112] [N/A]: Executing Task node: determine_application_date_scenario
[2025-04-02 18:21:11,812] [INFO] [ThreadPoolExecutor-0_0] [/home/navaneethamarnath/projects/agents-research/annie-core-backend/app/core/config/logging_config.py] [_log:112] [N/A]: ## CODE LOG ## Parsed application_date '04/24/2023' to date object '2023-04-24 00:00:00' using format '%m/%d/%Y'
[2025-04-02 18:21:11,812] [INFO] [ThreadPoolExecutor-0_0] [/home/navaneethamarnath/projects/agents-research/annie-core-backend/app/core/config/logging_config.py] [_log:112] [N/A]: ## CODE LOG ## Year: 2023, Scenario 1 Range: 2023-01-01 00:00:00 to 2023-04-14 00:00:00, Scenario 2 Range: 2023-04-15 00:00:00 to 2023-10-14 00:00:00, Scenario 3 Range: 2023-10-15 00:00:00 to 2023-12-31 00:00:00
[2025-04-02 18:21:11,812] [INFO] [ThreadPoolExecutor-0_0] [/home/navaneethamarnath/projects/agents-research/annie-core-backend/app/core/config/logging_config.py] [_log:112] [N/A]: ## CODE LOG ## application_date '04/24/2023' falls in Scenario 2 range.
[2025-04-02 18:21:11,918] [INFO] [ThreadPoolExecutor-0_0] [/home/navaneethamarnath/projects/agents-research/annie-core-backend/app/core/config/logging_config.py] [_log:112] [N/A]: Executing Task node: determine_disbursement_date_scenario
[2025-04-02 18:21:11,920] [INFO] [ThreadPoolExecutor-0_0] [/home/navaneethamarnath/projects/agents-research/annie-core-backend/app/core/config/logging_config.py] [_log:112] [N/A]: ## CODE LOG ## Entering determine_disbursement_scenario function.
[2025-04-02 18:21:11,920] [INFO] [ThreadPoolExecutor-0_0] [/home/navaneethamarnath/projects/agents-research/annie-core-backend/app/core/config/logging_config.py] [_log:112] [N/A]: ## CODE LOG ## Successfully parsed disbursement_date: 5/25/2023 as 2023-05-25 00:00:00.
[2025-04-02 18:21:11,920] [INFO] [ThreadPoolExecutor-0_0] [/home/navaneethamarnath/projects/agents-research/annie-core-backend/app/core/config/logging_config.py] [_log:112] [N/A]: ## CODE LOG ## Computed application year: 2023.
[2025-04-02 18:21:11,921] [INFO] [ThreadPoolExecutor-0_0] [/home/navaneethamarnath/projects/agents-research/annie-core-backend/app/core/config/logging_config.py] [_log:112] [N/A]: ## CODE LOG ## Disbursement date 2023-05-25 00:00:00 falls within interval 2.
[2025-04-02 18:21:12,032] [INFO] [ThreadPoolExecutor-0_0] [/home/navaneethamarnath/projects/agents-research/annie-core-backend/app/core/config/logging_config.py] [_log:112] [N/A]: Executing Task node: validate_tax_form_presence_scenario_app1
[2025-04-02 18:21:12,034] [INFO] [ThreadPoolExecutor-0_0] [/home/navaneethamarnath/projects/agents-research/annie-core-backend/app/core/config/logging_config.py] [_log:112] [N/A]: ## CODE LOG ## Entering validate_tax_forms_scenario_1_3 function.
[2025-04-02 18:21:12,034] [INFO] [ThreadPoolExecutor-0_0] [/home/navaneethamarnath/projects/agents-research/annie-core-backend/app/core/config/logging_config.py] [_log:112] [N/A]: ## CODE LOG ## Validation conditions not met: app_scenario={app_scenario}, disb_scenario={disb_scenario}.
[2025-04-02 18:21:12,035] [INFO] [ThreadPoolExecutor-0_0] [/home/navaneethamarnath/projects/agents-research/annie-core-backend/app/core/config/logging_config.py] [_log:112] [N/A]: ## CODE LOG ## Entering validate_tax_forms_scenario_4_8 function.
[2025-04-02 18:21:12,035] [INFO] [ThreadPoolExecutor-0_0] [/home/navaneethamarnath/projects/agents-research/annie-core-backend/app/core/config/logging_config.py] [_log:112] [N/A]: ## CODE LOG ## Validation conditions not met: app_scenario={app_scenario}, disb_scenario={disb_scenario}.
[2025-04-02 18:21:12,135] [INFO] [ThreadPoolExecutor-0_0] [/home/navaneethamarnath/projects/agents-research/annie-core-backend/app/core/config/logging_config.py] [_log:112] [N/A]: Executing Task node: validate_tax_form_presence_scenario_app2
[2025-04-02 18:21:12,137] [INFO] [ThreadPoolExecutor-0_0] [/home/navaneethamarnath/projects/agents-research/annie-core-backend/app/core/config/logging_config.py] [_log:112] [N/A]: ## CODE LOG ## Input validation passed for app_scenario: {app_scenario}, disb_scenario: {disb_scenario}
[2025-04-02 18:21:12,137] [INFO] [ThreadPoolExecutor-0_0] [/home/navaneethamarnath/projects/agents-research/annie-core-backend/app/core/config/logging_config.py] [_log:112] [N/A]: ## CODE LOG ## Entering validation for app_scenario 2 and disb_scenario in [2, 3, 4, 5, 6, 7]
[2025-04-02 18:21:12,138] [INFO] [ThreadPoolExecutor-0_0] [/home/navaneethamarnath/projects/agents-research/annie-core-backend/app/core/config/logging_config.py] [_log:112] [N/A]: ## CODE LOG ## Target years calculated: {2021, 2022}
[2025-04-02 18:21:12,138] [INFO] [ThreadPoolExecutor-0_0] [/home/navaneethamarnath/projects/agents-research/annie-core-backend/app/core/config/logging_config.py] [_log:112] [N/A]: ## CODE LOG ## Found tax years - 1040: {2021, 2022}, 1120S: set(), 1120SSCHK1: set()
[2025-04-02 18:21:12,138] [INFO] [ThreadPoolExecutor-0_0] [/home/navaneethamarnath/projects/agents-research/annie-core-backend/app/core/config/logging_config.py] [_log:112] [N/A]: ## CODE LOG ## Form presence check - 1040: True, 1120S: False, 1120SSCHK1: False
[2025-04-02 18:21:12,139] [WARNING] [ThreadPoolExecutor-0_0] [/home/navaneethamarnath/projects/agents-research/annie-core-backend/app/core/config/logging_config.py] [_log:112] [N/A]: ## CODE LOG ## Required tax forms are missing.
[2025-04-02 18:21:12,139] [INFO] [ThreadPoolExecutor-0_0] [/home/navaneethamarnath/projects/agents-research/annie-core-backend/app/core/config/logging_config.py] [_log:112] [N/A]: ## CODE LOG ## Starting validation for scenario 8 with app_scenario: {app_scenario}, disb_scenario: {disb_scenario}
[2025-04-02 18:21:12,139] [INFO] [ThreadPoolExecutor-0_0] [/home/navaneethamarnath/projects/agents-research/annie-core-backend/app/core/config/logging_config.py] [_log:112] [N/A]: ## CODE LOG ## Not applicable scenario for app_scenario 2 and disb_scenario 8.
[2025-04-02 18:21:12,254] [INFO] [ThreadPoolExecutor-0_0] [/home/navaneethamarnath/projects/agents-research/annie-core-backend/app/core/config/logging_config.py] [_log:112] [N/A]: Executing Task node: validate_tax_form_presence_scenario_app3
[2025-04-02 18:21:12,256] [INFO] [ThreadPoolExecutor-0_0] [/home/navaneethamarnath/projects/agents-research/annie-core-backend/app/core/config/logging_config.py] [_log:112] [N/A]: ## CODE LOG ## Validation is not applicable for the given scenario in 6a.
[2025-04-02 18:21:12,256] [INFO] [ThreadPoolExecutor-0_0] [/home/navaneethamarnath/projects/agents-research/annie-core-backend/app/core/config/logging_config.py] [_log:112] [N/A]: ## CODE LOG ## No check performed as scenarios do not match.
[2025-04-02 18:21:12,257] [INFO] [ThreadPoolExecutor-0_0] [/home/navaneethamarnath/projects/agents-research/annie-core-backend/app/core/config/logging_config.py] [_log:112] [N/A]: ## CODE LOG ## Scenario mismatch: Validation not applicable for the current scenario in 6c.
[2025-04-02 18:21:12,260] [INFO] [MainThread] [/home/navaneethamarnath/projects/agents-research/annie-core-backend/app/core/config/logging_config.py] [_log:112] [N/A]: output_data : {'rule_1120s_business_documentation_validation': {'htp_validate_tax_form_presence': {'extract_dates_and_compute_year': {'1.a': {'computed_application_year': '2023'}}, 'determine_application_date_scenario': {'2.a': {'app_scenario': 2}}, 'determine_disbursement_date_scenario': {'3.a': {'disb_scenario': 2}}, 'validate_tax_form_presence_scenario_app1': {'4.a': {'discrepancy_message': 'Validation conditions not met for scenario 1 and disbursement scenario in [1, 2, 3].', 'terminate_htp': True}, '4.b': {'discrepancy_message': '', 'terminate_htp': False}}, 'validate_tax_form_presence_scenario_app2': {'5.a': {'discrepancy_message': "The most recent year’s personal tax return (Form 1040) and/or Business Tax Return (Form 1120S) are required; alternatively, the prior year(s) may be accepted if accompanied by a copy of IRS Form 7004 and/or IRS Form 4868, proof of e-filing for the respective tax extension(s), and confirmation of electronic payment(s). The current documentation does not fulfill the 'Allowable Age of Federal Income Tax Returns' requirement.", 'terminate_htp': True}, '5.b': {'discrepancy_message': ['Not applicable scenario.', True]}}, 'validate_tax_form_presence_scenario_app3': {'6.a': {'discrepancy_message': 'Validation is not applicable for the given scenario.', 'terminate_htp': False}, '6.b': {'discrepancy_message': 'No check performed as scenarios do not match.', 'terminate_htp': False}, '6.c': {'discrepancy_message': 'Scenario mismatch: Validation not applicable for the current scenario.', 'terminate_htp': True}}}}}
[2025-04-02 18:21:12,353] [INFO] [MainThread] [/home/navaneethamarnath/projects/agents-research/annie-core-backend/app/core/config/logging_config.py] [_log:112] [N/A]: Process 56808164-110d-4145-a758-72c628a7de3e completed successfully
