[2025-04-02 13:34:40,770] [INFO] [Thread-1 (run_monitor_task)] [/home/navaneethamarnath/projects/agents-research/annie-core-backend/app/core/config/logging_config.py] [_log:112] [N/A]: Starting websocket monitoring thread
[2025-04-02 13:34:40,778] [INFO] [Thread-2 (start)] [/home/navaneethamarnath/projects/agents-research/annie-core-backend/app/core/config/logging_config.py] [_log:112] [N/A]: Starting to consume from mortgage-qc-process
[2025-04-02 13:34:44,428] [INFO] [MainThread] [/home/navaneethamarnath/projects/agents-research/annie-core-backend/app/core/config/logging_config.py] [_log:112] [N/A]: Received request to generate income results via process 6aabb2f9-2116-45f1-84a8-987503a61148
[2025-04-02 13:34:44,812] [INFO] [ThreadPoolExecutor-0_0] [/home/navaneethamarnath/projects/agents-research/annie-core-backend/app/core/config/logging_config.py] [_log:112] [N/A]: Executing Task node: extract_dates_and_years
[2025-04-02 13:34:44,813] [INFO] [ThreadPoolExecutor-0_0] [/home/navaneethamarnath/projects/agents-research/annie-core-backend/app/core/config/logging_config.py] [_log:112] [N/A]: ## CODE LOG ## Entering extract_application_year function.
[2025-04-02 13:34:44,814] [INFO] [ThreadPoolExecutor-0_0] [/home/navaneethamarnath/projects/agents-research/annie-core-backend/app/core/config/logging_config.py] [_log:112] [N/A]: ## CODE LOG ## Extracted year: 2023
[2025-04-02 13:34:44,814] [INFO] [ThreadPoolExecutor-0_0] [/home/navaneethamarnath/projects/agents-research/annie-core-backend/app/core/config/logging_config.py] [_log:112] [N/A]: ## CODE LOG ## Exiting extract_application_year function.
[2025-04-02 13:34:44,815] [INFO] [ThreadPoolExecutor-0_0] [/home/navaneethamarnath/projects/agents-research/annie-core-backend/app/core/config/logging_config.py] [_log:112] [N/A]: ## CODE LOG ## Entering extract_start_year function.
[2025-04-02 13:34:44,815] [INFO] [ThreadPoolExecutor-0_0] [/home/navaneethamarnath/projects/agents-research/annie-core-backend/app/core/config/logging_config.py] [_log:112] [N/A]: ## CODE LOG ## Extracted start_year: 2022
[2025-04-02 13:34:44,815] [INFO] [ThreadPoolExecutor-0_0] [/home/navaneethamarnath/projects/agents-research/annie-core-backend/app/core/config/logging_config.py] [_log:112] [N/A]: ## CODE LOG ## Exiting extract_start_year function.
[2025-04-02 13:34:44,948] [INFO] [ThreadPoolExecutor-0_0] [/home/navaneethamarnath/projects/agents-research/annie-core-backend/app/core/config/logging_config.py] [_log:112] [N/A]: Executing Task node: classify_employment_tenure
[2025-04-02 13:34:44,949] [INFO] [ThreadPoolExecutor-0_0] [/home/navaneethamarnath/projects/agents-research/annie-core-backend/app/core/config/logging_config.py] [_log:112] [N/A]: ## CODE LOG ## Entering classify_employment_tenure function.
[2025-04-02 13:34:44,949] [INFO] [ThreadPoolExecutor-0_0] [/home/navaneethamarnath/projects/agents-research/annie-core-backend/app/core/config/logging_config.py] [_log:112] [N/A]: ## CODE LOG ## Classifying as 'recently_hired': start_year 2022 > computed_application_year - 2 2021
[2025-04-02 13:34:45,073] [INFO] [ThreadPoolExecutor-0_0] [/home/navaneethamarnath/projects/agents-research/annie-core-backend/app/core/config/logging_config.py] [_log:112] [N/A]: Executing Task node: decision_flow
[2025-04-02 13:34:45,074] [INFO] [ThreadPoolExecutor-0_0] [/home/navaneethamarnath/projects/agents-research/annie-core-backend/app/core/config/logging_config.py] [_log:112] [N/A]: ## CODE LOG ## Not long-tenured, continuing with next steps
[2025-04-02 13:34:45,076] [INFO] [ThreadPoolExecutor-0_0] [/home/navaneethamarnath/projects/agents-research/annie-core-backend/app/core/config/logging_config.py] [_log:112] [N/A]: ## CODE LOG ## No conditions met, not skipping
[2025-04-02 13:34:45,076] [INFO] [ThreadPoolExecutor-0_0] [/home/navaneethamarnath/projects/agents-research/annie-core-backend/app/core/config/logging_config.py] [_log:112] [N/A]: ## CODE LOG ## Case 1 matched: non_january_start: True
[2025-04-02 13:34:45,199] [INFO] [ThreadPoolExecutor-0_0] [/home/navaneethamarnath/projects/agents-research/annie-core-backend/app/core/config/logging_config.py] [_log:112] [N/A]: Executing Task node: long_tenured_employment_validation
[2025-04-02 13:34:45,201] [INFO] [ThreadPoolExecutor-0_0] [/home/navaneethamarnath/projects/agents-research/annie-core-backend/app/core/config/logging_config.py] [_log:112] [N/A]: ## CODE LOG ## Checking tax documentation for the year: 2022
[2025-04-02 13:34:45,201] [WARNING] [ThreadPoolExecutor-0_0] [/home/navaneethamarnath/projects/agents-research/annie-core-backend/app/core/config/logging_config.py] [_log:112] [N/A]: ## CODE LOG ## Required tax documentation is missing. Terminating process.
[2025-04-02 13:34:45,331] [INFO] [ThreadPoolExecutor-0_0] [/home/navaneethamarnath/projects/agents-research/annie-core-backend/app/core/config/logging_config.py] [_log:112] [N/A]: Executing Task node: recently_hired_with_start_year_computed_application_year_minus2
[2025-04-02 13:34:45,333] [INFO] [ThreadPoolExecutor-0_0] [/home/navaneethamarnath/projects/agents-research/annie-core-backend/app/core/config/logging_config.py] [_log:112] [N/A]: ## CODE LOG ## Employment tenure classification is 'recently_hired'. Checking start year condition.
[2025-04-02 13:34:45,333] [INFO] [ThreadPoolExecutor-0_0] [/home/navaneethamarnath/projects/agents-research/annie-core-backend/app/core/config/logging_config.py] [_log:112] [N/A]: ## CODE LOG ## Condition not met: start_year 2022 does not equal computed_application_year 2023 - 2.
[2025-04-02 13:34:45,458] [INFO] [ThreadPoolExecutor-0_0] [/home/navaneethamarnath/projects/agents-research/annie-core-backend/app/core/config/logging_config.py] [_log:112] [N/A]: Executing Task node: recently_hired_with_start_year_computed_application_year_minus1_non_january_start_date
[2025-04-02 13:34:45,460] [INFO] [ThreadPoolExecutor-0_0] [/home/navaneethamarnath/projects/agents-research/annie-core-backend/app/core/config/logging_config.py] [_log:112] [N/A]: ## CODE LOG ## Parsed application_year: 2023, start_year_num: 2022
[2025-04-02 13:34:45,460] [INFO] [ThreadPoolExecutor-0_0] [/home/navaneethamarnath/projects/agents-research/annie-core-backend/app/core/config/logging_config.py] [_log:112] [N/A]: ## CODE LOG ## Parsed current_employer_start_date: 06/01/2022 to 2022-06-01 00:00:00
[2025-04-02 13:34:45,460] [INFO] [ThreadPoolExecutor-0_0] [/home/navaneethamarnath/projects/agents-research/annie-core-backend/app/core/config/logging_config.py] [_log:112] [N/A]: ## CODE LOG ## Condition met for recently hired: employment_tenure_classification: recently_hired, start_year_num: 2022, application_year: 2023, start_date: 2022-06-01 00:00:00
[2025-04-02 13:34:45,461] [INFO] [ThreadPoolExecutor-0_0] [/home/navaneethamarnath/projects/agents-research/annie-core-backend/app/core/config/logging_config.py] [_log:112] [N/A]: ## CODE LOG ## Generated message: Self-employment income cannot be used for qualification, as the Tax Forms 1040 and 1120 do not reflect a full 12 months of income from the current business due to a start date after January 1st of 2022.
[2025-04-02 13:34:45,465] [INFO] [MainThread] [/home/navaneethamarnath/projects/agents-research/annie-core-backend/app/core/config/logging_config.py] [_log:112] [N/A]: output_data : {'rule_schedule_c_self_employment_history_requirement': {'htp_long_tenured_employment_validation': {'extract_dates_and_years': {'1.a': {'computed_application_year': '2023'}, '1.b': {'start_year': '2022'}}, 'classify_employment_tenure': {'2.a': {'employment_tenure_classification': 'recently_hired'}}, 'decision_flow': {'3.a': {'decision': 'Continue with next steps', 'skip_task': False}, '3.b': {'decision': '', 'skip_task': False}, '3.c': {'decision': 'Skip to Step 6 (Recently Hired with Non-January Start Date)', 'skip_task': True}}, 'long_tenured_employment_validation': {'4.a': {'discrepancy_message': 'Required tax documentation (Form 1040 and/or Form 1120) for the most recent year is missing. Tax extensions are not permitted; thus, the federal income tax return requirements are not met.', 'terminate_process': True}}, 'recently_hired_with_start_year_computed_application_year_minus2': {'5.a': {'discrepancy_message': {'message': '', 'terminate_process': False}}}, 'recently_hired_with_start_year_computed_application_year_minus1_non_january_start_date': {'6.a': {'discrepancy_message': 'Self-employment income cannot be used for qualification, as the Tax Forms 1040 and 1120 do not reflect a full 12 months of income from the current business due to a start date after January 1st of 2022.', 'terminate_process': True}}}}}
[2025-04-02 13:34:45,515] [INFO] [MainThread] [/home/navaneethamarnath/projects/agents-research/annie-core-backend/app/core/config/logging_config.py] [_log:112] [N/A]: Process 6aabb2f9-2116-45f1-84a8-987503a61148 completed successfully
